[2015.12.02-04.17.58:862][  0]Log file open, 12/01/15 20:17:58
[2015.12.02-04.17.58:862][  0]LogInit:Display: Running engine for game: LikeAWolf
[2015.12.02-04.17.58:862][  0]LogInit:Display: RandInit(1105338779) SRandInit(1105338779).
[2015.12.02-04.17.58:862][  0]LogTaskGraph: Started task graph with 4 named threads and 7 total threads.
[2015.12.02-04.17.58:862][  0]LogStats: Stats thread started at 0.095183
[2015.12.02-04.17.58:862][  0]LogInit: Version: 4.9.0-2672455+++depot+UE4-Releases+4.9
[2015.12.02-04.17.58:862][  0]LogInit: API Version: 2672455
[2015.12.02-04.17.58:862][  0]LogInit: Compiled (64-bit): Aug 28 2015 12:33:01
[2015.12.02-04.17.58:862][  0]LogInit: Compiled with Visual C++: 18.00.21005.01
[2015.12.02-04.17.58:862][  0]LogInit: Build Configuration: Development
[2015.12.02-04.17.58:862][  0]LogInit: Branch Name: ++depot+UE4-Releases+4.9
[2015.12.02-04.17.58:862][  0]LogInit: Command line: 
[2015.12.02-04.17.58:862][  0]LogInit: Base directory: C:/Program Files/Epic Games/4.9/Engine/Binaries/Win64/
[2015.12.02-04.17.58:862][  0]LogInit: Rocket: 1
[2015.12.02-04.17.58:871][  0]LogInit: Using libcurl 7.41.0
[2015.12.02-04.17.58:871][  0]LogInit:  - built for x86_64-pc-win32
[2015.12.02-04.17.58:871][  0]LogInit:  - supports SSL with WinSSL
[2015.12.02-04.17.58:871][  0]LogInit:  - other features:
[2015.12.02-04.17.58:871][  0]LogInit:      CURL_VERSION_SSL
[2015.12.02-04.17.58:871][  0]LogInit:      CURL_VERSION_IPV6
[2015.12.02-04.17.58:871][  0]LogInit:      CURL_VERSION_ASYNCHDNS
[2015.12.02-04.17.58:871][  0]LogInit:      CURL_VERSION_LARGEFILE
[2015.12.02-04.17.58:871][  0]LogInit:      CURL_VERSION_IDN
[2015.12.02-04.17.58:872][  0]LogInit:  CurlRequestOptions (configurable via config and command line):
[2015.12.02-04.17.58:872][  0]LogInit:  - bVerifyPeer = true  - Libcurl will verify peer certificate
[2015.12.02-04.17.58:872][  0]LogInit:  - bUseHttpProxy = false  - Libcurl will NOT use HTTP proxy
[2015.12.02-04.17.58:872][  0]LogInit:  - bDontReuseConnections = false  - Libcurl will reuse connections
[2015.12.02-04.17.58:872][  0]LogInit:  - CertBundlePath = nullptr  - Libcurl will use whatever was configured at build time.
[2015.12.02-04.17.58:880][  0]LogInit: Presizing for 0 objects not considered by GC, pre-allocating 0 bytes.
[2015.12.02-04.17.58:886][  0]LogInit: Object subsystem initialized
[2015.12.02-04.17.58:888][  0]LogInit: Selected Device Profile: [Windows]
[2015.12.02-04.17.58:888][  0]LogInit: Applying CVar settings loaded from the selected device profile: [Windows]
[2015.12.02-04.17.58:898][  0]LogInit: Computer: JUSTIN
[2015.12.02-04.17.58:898][  0]LogInit: User: justinlogin
[2015.12.02-04.17.58:898][  0]LogInit: CPU Page size=4096, Cores=4
[2015.12.02-04.17.58:898][  0]LogInit: High frequency timer resolution =3.415991 MHz
[2015.12.02-04.17.58:898][  0]LogMemory: Memory total: Physical=7.9GB (8GB approx)
[2015.12.02-04.17.58:898][  0]LogMemory: Platform Memory Stats for Windows
[2015.12.02-04.17.58:898][  0]LogMemory: Process Physical Memory: 52.89 MB used, 52.89 MB peak
[2015.12.02-04.17.58:898][  0]LogMemory: Process Virtual Memory: 54.90 MB used, 54.90 MB peak
[2015.12.02-04.17.58:898][  0]LogMemory: Physical Memory: 3823.11 MB used, 8130.12 MB total
[2015.12.02-04.17.58:898][  0]LogMemory: Virtual Memory: 347.82 MB used, 134217728.00 MB total
[2015.12.02-04.17.58:956][  0]LogTextLocalizationManager: No specific translations for ('en-US') exist, so ('en') translations will be used.
[2015.12.02-04.17.59:611][  0]LogD3D11RHI: Found D3D11 adapter 0: NVIDIA GeForce GTX 760 (Feature Level 11_0)
[2015.12.02-04.17.59:611][  0]LogD3D11RHI: Adapter has 1985MB of dedicated video memory, 0MB of dedicated system memory, and 2048MB of shared system memory, 1 output[s]
[2015.12.02-04.17.59:612][  0]LogD3D11RHI: Found D3D11 adapter 1: Microsoft Basic Render Driver (Feature Level 11_0)
[2015.12.02-04.17.59:612][  0]LogD3D11RHI: Adapter has 0MB of dedicated video memory, 0MB of dedicated system memory, and 256MB of shared system memory, 0 output[s]
[2015.12.02-04.17.59:612][  0]LogD3D11RHI: Chosen D3D11 Adapter Id = 0
[2015.12.02-04.17.59:637][  0]LogD3D11RHI: !Direct3DDevice
[2015.12.02-04.17.59:637][  0]LogRHI: Texture pool is 1361 MB (70% of 1945 MB)
[2015.12.02-04.17.59:650][  0]LogD3D11RHI: Async texture creation enabled
[2015.12.02-04.17.59:665][  0]LogShaderCompilers: Guid format shader working directory is 14 characters bigger than the processId version (../../../../../../Users/justin-login/Documents/Unreal Projects/LikeAWolf/Intermediate/Shaders/WorkingDirectory/23540/).
[2015.12.02-04.17.59:687][  0]LogShaderCompilers: Cleaned the shader compiler working directory '../../../../../../Users/justin-login/Documents/Unreal Projects/LikeAWolf/Intermediate/Shaders/tmp/C20EECD54E02E46A9BA1FE8B0888A963/'.
[2015.12.02-04.17.59:687][  0]LogShaderCompilers:Display: Using Local Shader Compiler.
[2015.12.02-04.18.00:869][  0]LogTemp:Display: Loaded TP AllDesktopTargetPlatform
[2015.12.02-04.18.00:876][  0]LogTemp:Display: Loaded TP WindowsClientTargetPlatform
[2015.12.02-04.18.00:883][  0]LogTemp:Display: Loaded TP WindowsNoEditorTargetPlatform
[2015.12.02-04.18.00:890][  0]LogTemp:Display: Loaded TP WindowsServerTargetPlatform
[2015.12.02-04.18.00:896][  0]LogTemp:Display: Loaded TP WindowsTargetPlatform
[2015.12.02-04.18.00:905][  0]LogTemp:Display: Loaded TP AndroidTargetPlatform
[2015.12.02-04.18.00:909][  0]LogTemp:Display: Loaded TP Android_ASTCTargetPlatform
[2015.12.02-04.18.00:915][  0]LogTemp:Display: Loaded TP Android_ATCTargetPlatform
[2015.12.02-04.18.00:919][  0]LogTemp:Display: Loaded TP Android_DXTTargetPlatform
[2015.12.02-04.18.00:924][  0]LogTemp:Display: Loaded TP Android_ETC1TargetPlatform
[2015.12.02-04.18.00:929][  0]LogTemp:Display: Loaded TP Android_ETC2TargetPlatform
[2015.12.02-04.18.00:934][  0]LogTemp:Display: Loaded TP Android_PVRTCTargetPlatform
[2015.12.02-04.18.00:935][  0]LogTemp:Display: Loaded TP HTML5TargetPlatform
[2015.12.02-04.18.00:955][  0]LogTemp:Display: Loaded TP IOSTargetPlatform
[2015.12.02-04.18.00:959][  0]LogTemp:Display: Loaded TP LinuxNoEditorTargetPlatform
[2015.12.02-04.18.00:969][  0]LogTemp:Display: Loaded TP LinuxServerTargetPlatform
[2015.12.02-04.18.00:974][  0]LogTemp:Display: Loaded TP LinuxTargetPlatform
[2015.12.02-04.18.00:974][  0]LogTargetPlatformManager:Display: Building Assets For Windows
[2015.12.02-04.18.01:095][  0]LogDerivedDataCache:Display: Max Cache Size: 512 MB
[2015.12.02-04.18.01:139][  0]LogDerivedDataCache: Loaded boot cache 0.04s 41MB C:/Users/justin-login/AppData/Local/UnrealEngine/4.9/DerivedDataCache/Boot.ddc.
[2015.12.02-04.18.01:140][  0]LogDerivedDataCache:Display: Loaded Boot cache: C:/Users/justin-login/AppData/Local/UnrealEngine/4.9/DerivedDataCache/Boot.ddc
[2015.12.02-04.18.01:140][  0]LogDerivedDataCache: FDerivedDataBackendGraph:  Pak pak cache file ../../../../../../Users/justin-login/Documents/Unreal Projects/LikeAWolf/DerivedDataCache/DDC.ddp not found, will not use a pak cache.
[2015.12.02-04.18.01:140][  0]LogDerivedDataCache: Unable to find inner node Pak for hierarchical cache Hierarchy.
[2015.12.02-04.18.01:140][  0]LogDerivedDataCache: FDerivedDataBackendGraph:  CompressedPak pak cache file ../../../../../../Users/justin-login/Documents/Unreal Projects/LikeAWolf/DerivedDataCache/Compressed.ddp not found, will not use a pak cache.
[2015.12.02-04.18.01:140][  0]LogDerivedDataCache: Unable to find inner node CompressedPak for hierarchical cache Hierarchy.
[2015.12.02-04.18.01:257][  0]LogDerivedDataCache:Display: Pak cache opened for reading ../../../Engine/DerivedDataCache/Compressed.ddp.
[2015.12.02-04.18.01:270][  0]LogDerivedDataCache: Using Local data cache path C:/Users/justin-login/AppData/Local/UnrealEngine/Common/DerivedDataCache: Writable
[2015.12.02-04.18.01:495][  0]LogInit: Selected Device Profile: [Windows]
[2015.12.02-04.18.01:497][  0]LogContentStreaming: Texture pool size is 0.000000MB
[2015.12.02-04.18.01:642][  0]LogMeshUtilities: No automatic mesh reduction module available
[2015.12.02-04.18.01:642][  0]LogMeshUtilities: No automatic mesh merging module available
[2015.12.02-04.18.01:878][  0]LogInit: WinSock: version 1.1 (2.2), MaxSocks=32767, MaxUdp=65467
[2015.12.02-04.18.02:898][  0]UdpMessaging: Initializing bridge on interface 0.0.0.0:0 to multicast group 230.0.0.1:6666.
[2015.12.02-04.18.03:010][  0]LogAssetRegistry: FAssetRegistry took 0.0112 seconds to start up
[2015.12.02-04.18.03:219][  0]SourceControl: Info Source control is disabled
[2015.12.02-04.18.03:245][  0]SourceControl: Info Source control is disabled
[2015.12.02-04.18.03:264][  0]SourceControl: Info Source control is disabled
[2015.12.02-04.18.03:283][  0]SourceControl: Info Source control is disabled
[2015.12.02-04.18.03:522][  0]LogLinker:Warning: Asset '../../../Engine/Plugins/Runtime/LeapMotionController/Content/LM_PassthroughMaterial.uasset' has been saved with empty engine version. The asset will be loaded but may be incompatible.
[2015.12.02-04.18.03:643][  0]LogObj: 28361 objects as part of root set at end of initial load.
[2015.12.02-04.18.03:643][  0]LogUObjectAllocator: 6038872 out of 0 bytes used by permanent object pool.
[2015.12.02-04.18.03:697][  0]LogEngine: Initializing Engine...
[2015.12.02-04.18.03:707][  0]LogHMD: Can't find Oculus library dev build: is proper Runtime installed? Version: 0.6.0.0
[2015.12.02-04.18.03:713][  0]LogHMD: SteamVR failed to initialize.  Err: 108
[2015.12.02-04.18.03:826][  0]LogAIModule: Creating AISystem for world NewWorld
[2015.12.02-04.18.03:836][  0]LogInit: XAudio2 using 'Speakers (2- Logitech G35 Headset)' : 2 channels at 44.1 kHz using 16 bits per sample (channel mask 0x3)
[2015.12.02-04.18.03:842][  0]LogInit: FAudioDevice initialized.
[2015.12.02-04.18.03:860][  0]LogDerivedDataCache: Saved boot cache 0.02s 41MB C:/Users/justin-login/AppData/Local/UnrealEngine/4.9/DerivedDataCache/Boot.ddc.
[2015.12.02-04.18.03:862][  0]LogInit: Texture streaming: Enabled
[2015.12.02-04.18.03:869][  0]LogAnalytics: Creating configured Analytics provider AnalyticsET
[2015.12.02-04.18.03:869][  0]LogAnalytics: [UEEditor.Rocket.Release] APIServer = http://et2.epicgames.com/ET2/. AppVersion = 4.9.0-2672455+++depot+UE4-Releases+4.9
[2015.12.02-04.18.03:869][  0]LogAnalytics: [UEEditor.Rocket.Release] SetUserId 00f9e5374c4fa161f32be2ba8d5a97dd|6b1d3da615a342609b11dec1ffbecb20|44a2e3d1-dbfd-47c2-92c3-141396bebd5c
[2015.12.02-04.18.03:869][  0]LogAnalytics: [UEEditor.Rocket.Release] AnalyticsET::StartSession
[2015.12.02-04.18.03:943][  0]LogWindowsTextInputMethodSystem:Display: IME system now deactivated.
[2015.12.02-04.18.03:943][  0]LogWindowsTextInputMethodSystem:Display: IME system now deactivated.
[2015.12.02-04.18.03:986][  0]LogInit: Transaction tracking system initialized
[2015.12.02-04.18.04:019][  0]BlueprintLog: New page: Editor Load
[2015.12.02-04.18.04:380][  0]LocalizationService: Info Localization service is disabled
[2015.12.02-04.18.04:480][  0]LogConsoleResponse:Display: 
[2015.12.02-04.18.04:598][  0]LogCook:Display: Done creating registry. It took  0.00s.
[2015.12.02-04.18.04:699][  0]LogFileCache: Scanning file cache for directory 'C:/Users/justin-login/Documents/Unreal Projects/LikeAWolf/Content/' took 0.02s
[2015.12.02-04.18.04:699][  0]SourceControl: Info Source control is disabled
[2015.12.02-04.18.04:699][  0]Cmd: MAP LOAD FILE="../../../../../../Users/justin-login/Documents/Unreal Projects/LikeAWolf/Content/ThirdPersonBP/Maps/ThirdPersonExampleMap.umap" TEMPLATE=0 SHOWPROGRESS=1 FEATURELEVEL=3
[2015.12.02-04.18.04:752][  0]LightingResults: New page: Lighting Build
[2015.12.02-04.18.04:755][  0]MapCheck: New page: Map Check
[2015.12.02-04.18.04:755][  0]LightingResults: New page: Lighting Build
[2015.12.02-04.18.04:763][  0]LogParticles: Destroying 0 GPU particle simulations for FXSystem 0x0000003183AD2160
[2015.12.02-04.18.07:736][  0]LogAIModule: Creating AISystem for world ThirdPersonExampleMap
[2015.12.02-04.18.07:742][  0]LogEditorServer: Finished looking for orphan Actors (0.000 secs)
[2015.12.02-04.18.07:742][  0]Cmd: MAP CHECKDEP NOCLEARLOG
[2015.12.02-04.18.07:863][  0]MapCheck: Info Map check complete: 0 Error(s), 0 Warning(s), took 120.684ms to complete.
[2015.12.02-04.18.07:863][  0]LogFileHelpers: Loading map 'ThirdPersonExampleMap' took 3.164
[2015.12.02-04.18.08:354][  0]LogCollectionManager: Loaded 0 collections in 0.002684 seconds
[2015.12.02-04.18.08:396][  0]LogFileCache: Scanning file cache for directory 'C:/Users/justin-login/Documents/Unreal Projects/LikeAWolf/Saved/Collections/' took 0.01s
[2015.12.02-04.18.08:396][  0]LogFileCache: Scanning file cache for directory 'C:/Users/justin-login/Documents/Unreal Projects/LikeAWolf/Content/Developers/justinlogin/Collections/' took 0.01s
[2015.12.02-04.18.08:396][  0]LogFileCache: Scanning file cache for directory 'C:/Users/justin-login/Documents/Unreal Projects/LikeAWolf/Content/Collections/' took 0.01s
[2015.12.02-04.18.08:396][  0]LogContentBrowser: Native class hierarchy populated in 0.0062 seconds. Added 1867 classes and 333 folders.
[2015.12.02-04.18.08:402][  0]LogCollectionManager: Rebuilt the GUID cache for 0 collections in 0.000002 seconds
[2015.12.02-04.18.08:415][  0]LogContentBrowser: Native class hierarchy updated for 'WidgetCarousel' in 0.0005 seconds. Added 0 classes and 0 folders.
[2015.12.02-04.18.10:096][  0]LogContentBrowser: Native class hierarchy updated for 'AddContentDialog' in 0.0005 seconds. Added 0 classes and 0 folders.
[2015.12.02-04.18.10:198][  0]LogContentBrowser: Native class hierarchy updated for 'SceneOutliner' in 0.0007 seconds. Added 1 classes and 2 folders.
[2015.12.02-04.18.10:331][  0]LogCrashTracker: Crashtracker disabled due to settings.
[2015.12.02-04.18.10:335][  0]LogUObjectGlobals:Warning: Failed to find object 'Class None.'
[2015.12.02-04.18.10:357][  0]LogLoad: Full Startup: 12.37 seconds (BP compile: 0.11 seconds)
[2015.12.02-04.18.10:729][  0]LogContentStreaming: Texture pool size now 1000 MB
[2015.12.02-04.18.11:207][  0]LogRenderer: Reallocating scene render targets to support 808x524 (Frame:2).
[2015.12.02-04.18.11:432][  3]LogAssetRegistry: Asset discovery search completed in 8.4336 seconds
[2015.12.02-04.18.11:432][  3]LogCollectionManager: Rebuilt the object cache for 0 collections in 0.000001 seconds (found 0 objects)
[2015.12.02-04.18.11:432][  3]LogCollectionManager: Fixed up redirectors for 0 collections in 0.000016 seconds (updated 0 objects)
[2015.12.02-04.18.22:829][272]LogEditorViewport: Clicking on Actor (LMB): StaticMeshActor (Wall7)
[2015.12.02-04.18.24:744][468]Cmd: DELETE
[2015.12.02-04.18.24:744][468]Cmd: ACTOR DELETE
[2015.12.02-04.18.24:747][468]LogEditorActor: Deleted Actor: StaticMeshActor
[2015.12.02-04.18.24:748][468]LogActorComponent: UnregisterComponent: (/Engine/Transient.CharMoveComp) Not registered. Aborting.
[2015.12.02-04.18.24:765][468]LogEditorActor: Deleted 1 Actors (0.021 secs)
[2015.12.02-04.18.50:277][514]LogEditorViewport: Clicking on Actor (LMB): StaticMeshActor (Floor)
[2015.12.02-04.18.52:090][727]Cmd: DUPLICATE
[2015.12.02-04.18.52:090][727]Cmd: ACTOR DUPLICATE
[2015.12.02-04.19.05:695][310]LogEditorViewport: Clicking on Actor (LMB): StaticMeshActor (Wall8)
[2015.12.02-04.19.06:898][450]LogEditorViewport: Clicking on Actor (CTRL LMB): StaticMeshActor (Wall6)
[2015.12.02-04.19.08:014][570]LogEditorViewport: Clicking on Actor (CTRL LMB): StaticMeshActor (Wall5)
[2015.12.02-04.19.10:172][808]Cmd: DUPLICATE
[2015.12.02-04.19.10:172][808]Cmd: ACTOR DUPLICATE
[2015.12.02-04.19.30:096][156]LogEditorViewport: Clicking on Actor (LMB): StaticMeshActor (Floor2)
[2015.12.02-04.19.32:313][417]Cmd: DUPLICATE
[2015.12.02-04.19.32:313][417]Cmd: ACTOR DUPLICATE
[2015.12.02-04.19.35:590][803]PIE:Warning: Warning Scale ''X=0.000 Y=0.750 Z=1.000'' is not valid on object '/Game/ThirdPersonBP/Maps/ThirdPersonExampleMap.ThirdPersonExampleMap:PersistentLevel.Floor3.StaticMeshComponent0 TemplateFloor'.
[2015.12.02-04.19.35:591][803]PIE:Warning: Warning Scale ''X=0.000 Y=0.750 Z=1.000'' is not valid on object '/Game/ThirdPersonBP/Maps/ThirdPersonExampleMap.ThirdPersonExampleMap:PersistentLevel.Floor3.StaticMeshComponent0 TemplateFloor'.
[2015.12.02-04.19.35:591][803]PIE:Warning: Warning Scale ''X=0.000 Y=0.750 Z=1.000'' is not valid on object '/Game/ThirdPersonBP/Maps/ThirdPersonExampleMap.ThirdPersonExampleMap:PersistentLevel.Floor3.StaticMeshComponent0 TemplateFloor'.
[2015.12.02-04.19.35:591][803]PIE:Warning: Warning Scale ''X=0.000 Y=0.750 Z=1.000'' is not valid on object '/Game/ThirdPersonBP/Maps/ThirdPersonExampleMap.ThirdPersonExampleMap:PersistentLevel.Floor3.StaticMeshComponent0 TemplateFloor'.
[2015.12.02-04.19.35:591][803]PIE:Warning: Warning Scale ''X=0.000 Y=0.750 Z=1.000'' is not valid on object '/Game/ThirdPersonBP/Maps/ThirdPersonExampleMap.ThirdPersonExampleMap:PersistentLevel.Floor3.StaticMeshComponent0 TemplateFloor'.
[2015.12.02-04.20.04:011][901]LogEditorViewport: Clicking on Actor (LMB): StaticMeshActor (Floor3)
[2015.12.02-04.20.21:712][895]LogPlayLevel: PlayLevel: No blueprints needed recompiling
[2015.12.02-04.20.21:713][895]PIE: New page: PIE session: ThirdPersonExampleMap (Dec 1, 2015, 12:20:21 PM)
[2015.12.02-04.20.21:713][895]LogPlayLevel: Creating play world package: /Game/ThirdPersonBP/Maps/UEDPIE_0_ThirdPersonExampleMap
[2015.12.02-04.20.21:735][895]LogPlayLevel: PIE: StaticDuplicateObject took: (0.022683s)
[2015.12.02-04.20.21:736][895]LogAIModule: Creating AISystem for world ThirdPersonExampleMap
[2015.12.02-04.20.21:736][895]LogPlayLevel: PIE: World Init took: (0.000923s)
[2015.12.02-04.20.21:736][895]LogPlayLevel: PIE: Created PIE world by copying editor world from /Game/ThirdPersonBP/Maps/ThirdPersonExampleMap.ThirdPersonExampleMap to /Game/ThirdPersonBP/Maps/UEDPIE_0_ThirdPersonExampleMap.ThirdPersonExampleMap (0.023819s)
[2015.12.02-04.20.21:737][895]LogActorComponent: UnregisterComponent: (/Engine/Transient.CharMoveComp) Not registered. Aborting.
[2015.12.02-04.20.21:762][895]LogInit: XAudio2 using 'Speakers (2- Logitech G35 Headset)' : 2 channels at 44.1 kHz using 16 bits per sample (channel mask 0x3)
[2015.12.02-04.20.21:768][895]LogInit: FAudioDevice initialized.
[2015.12.02-04.20.21:889][895]LogWorld: Game class is 'ThirdPersonGameMode_C'
[2015.12.02-04.20.21:899][895]LogWorld: Bringing World /Game/ThirdPersonBP/Maps/UEDPIE_0_ThirdPersonExampleMap.ThirdPersonExampleMap up for play (max tick rate 0) at 2015.12.01-20.20.21
[2015.12.02-04.20.21:899][895]LogActor:Warning: GameSession /Game/ThirdPersonBP/Maps/UEDPIE_0_ThirdPersonExampleMap.ThirdPersonExampleMap:PersistentLevel.GameSession_0 has natively added scene component(s), but none of them were set as the actor's RootComponent - picking one arbitrarily
[2015.12.02-04.20.21:900][895]LogActor:Warning: GameNetworkManager /Game/ThirdPersonBP/Maps/UEDPIE_0_ThirdPersonExampleMap.ThirdPersonExampleMap:PersistentLevel.GameNetworkManager_0 has natively added scene component(s), but none of them were set as the actor's RootComponent - picking one arbitrarily
[2015.12.02-04.20.21:901][895]LogWorld: Bringing up level for play took: 0.010206
[2015.12.02-04.20.21:904][895]PIE: Info Play in editor start time for /Game/ThirdPersonBP/Maps/UEDPIE_0_ThirdPersonExampleMap 0.213
[2015.12.02-04.20.34:502][384]LogParticles: Destroying 0 GPU particle simulations for FXSystem 0x00000031A5D57E20
[2015.12.02-04.20.42:665][354]LogEditorViewport: Clicking on Actor (LMB): StaticMeshActor (Floor3)
[2015.12.02-04.20.54:006][673]LogEditorViewport: Clicking on Actor (LMB): StaticMeshActor (Floor3)
[2015.12.02-04.21.22:221][899]Cmd: TRANSACTION UNDO
[2015.12.02-04.21.22:222][899]LogEditorTransaction: Undo Move Actors
[2015.12.02-04.21.30:420][840]LogEditorViewport: Clicking on Actor (LMB): StaticMeshActor (RightArm_StaticMesh)
[2015.12.02-04.21.32:083][ 34]LogEditorViewport: Clicking on Actor (CTRL LMB): StaticMeshActor (Linear_Stair_StaticMesh)
[2015.12.02-04.21.36:918][608]Cmd: DUPLICATE
[2015.12.02-04.21.36:918][608]Cmd: ACTOR DUPLICATE
[2015.12.02-04.21.53:579][530]LogEditorViewport: Clicking on Actor (LMB): StaticMeshActor (RightArm_StaticMesh)
[2015.12.02-04.22.14:738][913]LogEditorViewport: Clicking on Actor (LMB): StaticMeshActor (RightArm_StaticMesh)
[2015.12.02-04.22.16:118][ 57]LogEditorViewport: Clicking on Actor (CTRL LMB): StaticMeshActor (Linear_Stair_StaticMesh)
[2015.12.02-04.22.25:623][149]LogEditorViewport: Clicking on Actor (LMB): StaticMeshActor (RightArm_StaticMesh2)
[2015.12.02-04.22.26:348][213]LogEditorViewport: Clicking on Actor (CTRL LMB): StaticMeshActor (Linear_Stair_StaticMesh2)
[2015.12.02-04.22.32:210][867]LogEditorViewport: Clicking on Actor (LMB): StaticMeshActor (RightArm_StaticMesh2)
[2015.12.02-04.22.33:220][959]LogEditorViewport: Clicking on Actor (CTRL LMB): StaticMeshActor (Linear_Stair_StaticMesh2)
[2015.12.02-04.22.37:768][496]LogEditorViewport: Clicking on Actor (LMB): BP_Sky_Sphere_C (SkySphereBlueprint)
[2015.12.02-04.22.45:540][388]LogPlayLevel: PlayLevel: No blueprints needed recompiling
[2015.12.02-04.22.45:540][388]PIE: New page: PIE session: ThirdPersonExampleMap (Dec 1, 2015, 12:22:45 PM)
[2015.12.02-04.22.45:540][388]LogPlayLevel: Creating play world package: /Game/ThirdPersonBP/Maps/UEDPIE_0_ThirdPersonExampleMap
[2015.12.02-04.22.45:558][388]LogPlayLevel: PIE: StaticDuplicateObject took: (0.018026s)
[2015.12.02-04.22.45:559][388]LogAIModule: Creating AISystem for world ThirdPersonExampleMap
[2015.12.02-04.22.45:559][388]LogPlayLevel: PIE: World Init took: (0.000917s)
[2015.12.02-04.22.45:560][388]LogPlayLevel: PIE: Created PIE world by copying editor world from /Game/ThirdPersonBP/Maps/ThirdPersonExampleMap.ThirdPersonExampleMap to /Game/ThirdPersonBP/Maps/UEDPIE_0_ThirdPersonExampleMap.ThirdPersonExampleMap (0.019165s)
[2015.12.02-04.22.45:581][388]LogInit: XAudio2 using 'Speakers (2- Logitech G35 Headset)' : 2 channels at 44.1 kHz using 16 bits per sample (channel mask 0x3)
[2015.12.02-04.22.45:587][388]LogInit: FAudioDevice initialized.
[2015.12.02-04.22.45:622][388]LogWorld: Game class is 'ThirdPersonGameMode_C'
[2015.12.02-04.22.45:631][388]LogWorld: Bringing World /Game/ThirdPersonBP/Maps/UEDPIE_0_ThirdPersonExampleMap.ThirdPersonExampleMap up for play (max tick rate 0) at 2015.12.01-20.22.45
[2015.12.02-04.22.45:631][388]LogActor:Warning: GameSession /Game/ThirdPersonBP/Maps/UEDPIE_0_ThirdPersonExampleMap.ThirdPersonExampleMap:PersistentLevel.GameSession_1 has natively added scene component(s), but none of them were set as the actor's RootComponent - picking one arbitrarily
[2015.12.02-04.22.45:632][388]LogActor:Warning: GameNetworkManager /Game/ThirdPersonBP/Maps/UEDPIE_0_ThirdPersonExampleMap.ThirdPersonExampleMap:PersistentLevel.GameNetworkManager_1 has natively added scene component(s), but none of them were set as the actor's RootComponent - picking one arbitrarily
[2015.12.02-04.22.45:633][388]LogWorld: Bringing up level for play took: 0.009721
[2015.12.02-04.22.45:636][388]PIE: Info Play in editor start time for /Game/ThirdPersonBP/Maps/UEDPIE_0_ThirdPersonExampleMap -0.056
[2015.12.02-04.23.02:628][415]LogParticles: Destroying 0 GPU particle simulations for FXSystem 0x00000031A687AFC0
[2015.12.02-04.23.09:517][204]LogEditorViewport: Clicking on Actor (LMB): StaticMeshActor (Ramp_StaticMesh)
[2015.12.02-04.23.38:496][647]LogEditorViewport: Clicking on Actor (LMB): LightmassImportanceVolume (LightmassImportanceVolume)
[2015.12.02-04.23.43:103][181]LogEditorViewport: Clicking on Actor (LMB): PostProcessVolume (PostProcessVolume)
[2015.12.02-04.23.58:985][990]LogEditorViewport: Clicking on Actor (LMB): LightmassImportanceVolume (LightmassImportanceVolume)
[2015.12.02-04.24.14:077][717]LogEditorViewport: Clicking on Actor (LMB): StaticMeshActor (Floor)
[2015.12.02-04.24.43:343][626]LogMaterial: Missing cached shader map for material green, compiling. 
[2015.12.02-04.24.43:408][626]LogMaterial: Missing cached shader map for material green, compiling. 
[2015.12.02-04.24.43:413][626]LogMaterial: 0.000024 seconds spent updating 1 materials, 1 interfaces, 0 instances, 0 with static permutations.
[2015.12.02-04.24.48:686][ 94]LogMaterial: Missing cached shader map for material green, compiling. 
[2015.12.02-04.24.48:692][ 94]LogMaterial: 0.000034 seconds spent updating 1 materials, 1 interfaces, 0 instances, 0 with static permutations.
[2015.12.02-04.24.48:693][ 94]LogMaterial: Missing cached shader map for material FMatExpressionPreview MaterialExpressionConstant3Vector_0, compiling. 
[2015.12.02-04.24.54:588][664]LogMaterial: Missing cached shader map for material green, compiling. 
[2015.12.02-04.24.54:593][664]LogMaterial: 0.000022 seconds spent updating 1 materials, 1 interfaces, 0 instances, 0 with static permutations.
[2015.12.02-04.24.54:623][664]LogMaterial: Missing cached shader map for material FMatExpressionPreview MaterialExpressionConstant3Vector_0, compiling. 
[2015.12.02-04.24.58:530][897]MaterialEditorStats: Info Base pass shader with only dynamic lighting: 31 instructions
[2015.12.02-04.24.58:530][897]MaterialEditorStats: Info Vertex shader: 31 instructions
[2015.12.02-04.24.58:530][897]MaterialEditorStats: Info Texture samplers: 0/16
[2015.12.02-04.25.00:678][ 85]LogMaterial: Missing cached shader map for material green, compiling. 
[2015.12.02-04.25.00:682][ 85]LogMaterial: 0.000208 seconds spent updating 1 materials, 1 interfaces, 0 instances, 0 with static permutations.
[2015.12.02-04.25.00:709][ 85]LogMaterial: Missing cached shader map for material FMatExpressionPreview MaterialExpressionConstant3Vector_0, compiling. 
[2015.12.02-04.25.01:585][167]LogMaterialEditor: Saving and Compiling material green
[2015.12.02-04.25.02:214][167]LogMaterial: Missing cached shader map for material green, compiling. 
[2015.12.02-04.25.02:232][167]LogMaterial: 0.000031 seconds spent updating 1 materials, 1 interfaces, 0 instances, 0 with static permutations.
[2015.12.02-04.25.02:317][167]LogMaterial: Missing cached shader map for material green, compiling. 
[2015.12.02-04.25.02:335][167]LogMaterial: Missing cached shader map for material green, compiling. 
[2015.12.02-04.25.02:342][167]LogMaterial: 0.000722 seconds spent updating 1 materials, 1 interfaces, 0 instances, 0 with static permutations.
[2015.12.02-04.25.05:064][167]Cmd: OBJ SAVEPACKAGE PACKAGE="/Game/ThirdPersonBP/green" FILE="../../../../../../Users/justin-login/Documents/Unreal Projects/LikeAWolf/Content/ThirdPersonBP/green.uasset" SILENT=true
[2015.12.02-04.25.05:076][167]LogSavePackage: Save=9.914839ms
[2015.12.02-04.25.05:076][167]LogSavePackage: Moving '../../../../../../Users/justin-login/Documents/Unreal Projects/LikeAWolf/Saved/green5677B59E4A8D93699B31E08A2EA17870.tmp' to '../../../../../../Users/justin-login/Documents/Unreal Projects/LikeAWolf/Content/ThirdPersonBP/green.uasset'
[2015.12.02-04.25.05:082][167]LogSavePackage: Total save time: 16.632363ms
[2015.12.02-04.25.05:082][167]LogSavePackage:Warning: Finished SavePackage ../../../../../../Users/justin-login/Documents/Unreal Projects/LikeAWolf/Content/ThirdPersonBP/green.uasset
[2015.12.02-04.25.05:087][167]MaterialEditorStats: Info Base pass shader with only dynamic lighting: 60 instructions
[2015.12.02-04.25.05:087][167]MaterialEditorStats: Info Vertex shader: 31 instructions
[2015.12.02-04.25.05:087][167]MaterialEditorStats: Info Texture samplers: 3/16
[2015.12.02-04.25.17:850][940]LogMaterial: Missing cached shader map for material green, compiling. 
[2015.12.02-04.25.17:855][940]LogMaterial: 0.000047 seconds spent updating 1 materials, 1 interfaces, 0 instances, 0 with static permutations.
[2015.12.02-04.25.17:883][940]LogMaterial: Missing cached shader map for material FMatExpressionPreview MaterialExpressionConstant3Vector_0, compiling. 
[2015.12.02-04.25.19:457][102]LogMaterialEditor: Saving and Compiling material green
[2015.12.02-04.25.20:088][102]LogMaterial: Missing cached shader map for material green, compiling. 
[2015.12.02-04.25.20:106][102]LogMaterial: 0.000023 seconds spent updating 1 materials, 1 interfaces, 0 instances, 0 with static permutations.
[2015.12.02-04.25.20:123][102]LogMaterial: Missing cached shader map for material green, compiling. 
[2015.12.02-04.25.20:149][102]LogMaterial: Missing cached shader map for material green, compiling. 
[2015.12.02-04.25.20:156][102]LogMaterial: 0.000543 seconds spent updating 1 materials, 1 interfaces, 0 instances, 0 with static permutations.
[2015.12.02-04.25.22:902][102]Cmd: OBJ SAVEPACKAGE PACKAGE="/Game/ThirdPersonBP/green" FILE="../../../../../../Users/justin-login/Documents/Unreal Projects/LikeAWolf/Content/ThirdPersonBP/green.uasset" SILENT=true
[2015.12.02-04.25.22:925][102]LogSavePackage: Save=10.092239ms
[2015.12.02-04.25.22:925][102]LogSavePackage: Moving '../../../../../../Users/justin-login/Documents/Unreal Projects/LikeAWolf/Saved/green2FA03B364EDA2740E83FC48C2523B27D.tmp' to '../../../../../../Users/justin-login/Documents/Unreal Projects/LikeAWolf/Content/ThirdPersonBP/green.uasset'
[2015.12.02-04.25.22:929][102]LogSavePackage: Total save time: 26.123017ms
[2015.12.02-04.25.22:929][102]LogSavePackage:Warning: Finished SavePackage ../../../../../../Users/justin-login/Documents/Unreal Projects/LikeAWolf/Content/ThirdPersonBP/green.uasset
[2015.12.02-04.25.22:939][102]MaterialEditorStats: Info Base pass shader with only dynamic lighting: 60 instructions
[2015.12.02-04.25.22:939][102]MaterialEditorStats: Info Vertex shader: 31 instructions
[2015.12.02-04.25.22:939][102]MaterialEditorStats: Info Texture samplers: 3/16
[2015.12.02-04.25.33:536][466]LogMaterial:Warning: Material /Game/ThirdPersonBP/green.green needed to have new flag set bUsedWithStaticLighting !
[2015.12.02-04.25.33:545][466]LogMaterial: Missing cached shader map for material green, compiling. 
[2015.12.02-04.25.33:563][466]LogMaterial: 0.000070 seconds spent updating 1 materials, 1 interfaces, 0 instances, 0 with static permutations.
[2015.12.02-04.25.39:547][129]LogActorComponent: UnregisterComponent: (/Engine/Transient.CharMoveComp) Not registered. Aborting.
[2015.12.02-04.25.39:561][129]LogParticles: Destroying 0 GPU particle simulations for FXSystem 0x00000031F0C965C0
[2015.12.02-04.25.40:057][129]LogSavePackage: Save=227.190872ms
[2015.12.02-04.25.40:057][129]LogSavePackage: Moving '../../../../../../Users/justin-login/Documents/Unreal Projects/LikeAWolf/Saved/ThirdPersonExampleMap2951DE454FA82AE4C088D59469B7FCD8.tmp' to '../../../../../../Users/justin-login/Documents/Unreal Projects/LikeAWolf/Content/ThirdPersonBP/Maps/ThirdPersonExampleMap.umap'
[2015.12.02-04.25.40:063][129]LogSavePackage: Total save time: 251.103118ms
[2015.12.02-04.25.40:063][129]LogSavePackage:Warning: Finished SavePackage ../../../../../../Users/justin-login/Documents/Unreal Projects/LikeAWolf/Content/ThirdPersonBP/Maps/ThirdPersonExampleMap.umap
[2015.12.02-04.25.40:090][129]LogFileHelpers: Saving map 'ThirdPersonExampleMap' took 0.490
[2015.12.02-04.25.40:095][129]Cmd: OBJ SAVEPACKAGE PACKAGE="/Game/ThirdPersonBP/green" FILE="../../../../../../Users/justin-login/Documents/Unreal Projects/LikeAWolf/Content/ThirdPersonBP/green.uasset" SILENT=true
[2015.12.02-04.25.40:110][129]LogSavePackage: Save=2.540112ms
[2015.12.02-04.25.40:110][129]LogSavePackage: Moving '../../../../../../Users/justin-login/Documents/Unreal Projects/LikeAWolf/Saved/green930CA62142F74D1A68EB918C0B5F2AB4.tmp' to '../../../../../../Users/justin-login/Documents/Unreal Projects/LikeAWolf/Content/ThirdPersonBP/green.uasset'
[2015.12.02-04.25.40:114][129]LogSavePackage: Total save time: 17.861873ms
[2015.12.02-04.25.40:114][129]LogSavePackage:Warning: Finished SavePackage ../../../../../../Users/justin-login/Documents/Unreal Projects/LikeAWolf/Content/ThirdPersonBP/green.uasset
[2015.12.02-04.25.52:411][567]MapCheck: New page: Map Check
[2015.12.02-04.25.52:424][567]Cmd: MAP REBUILD ALLVISIBLE
[2015.12.02-04.25.52:424][567]LogEditorServer: Rebuildmap Clear paths rebuilt
[2015.12.02-04.25.52:448][567]LightingResults: New page: Lighting Build - Dec 1, 2015, 12:25:52 PM
[2015.12.02-04.26.06:656][567]LogStaticLightingSystem: Running Lightmass w/ ImmediateImport mode ENABLED
[2015.12.02-04.26.06:656][567]LogStaticLightingSystem: Running Lightmass w/ ImmediateProcess mode ENABLED
[2015.12.02-04.26.06:656][567]LogStaticLightingSystem: Running Lightmass w/ Sorting mode ENABLED
[2015.12.02-04.26.06:656][567]LogStaticLightingSystem: Running Lightmass w/ Mapping paddings ENABLED
[2015.12.02-04.26.06:656][567]LogStaticLightingSystem: Running Lightmass w/ Mapping debug paddings DISABLED
[2015.12.02-04.26.07:230][567]LogEditorBuildUtils: Build time 0:00:14
[2015.12.02-04.26.07:248][567]LogMaterial: Missing cached shader map for material FLightmassMaterialRenderer MaterialInstanceDynamic_33, compiling. 
[2015.12.02-04.26.07:257][567]LogMaterial: Missing cached shader map for material FLightmassMaterialRenderer MaterialInstanceDynamic_33, compiling. 
[2015.12.02-04.26.07:330][568]LogMaterial: Missing cached shader map for material FLightmassMaterialRenderer RampMaterial, compiling. 
[2015.12.02-04.26.07:344][568]LogMaterial: Missing cached shader map for material FLightmassMaterialRenderer RampMaterial, compiling. 
[2015.12.02-04.26.07:395][569]LogMaterial: Missing cached shader map for material FLightmassMaterialRenderer CubeMaterial, compiling. 
[2015.12.02-04.26.07:401][569]LogMaterial: Missing cached shader map for material FLightmassMaterialRenderer CubeMaterial, compiling. 
[2015.12.02-04.26.07:455][570]LogMaterial: Missing cached shader map for material FLightmassMaterialRenderer green, compiling. 
[2015.12.02-04.26.07:459][570]LogMaterial: Missing cached shader map for material FLightmassMaterialRenderer green, compiling. 
[2015.12.02-04.26.07:480][571]LogMaterial: Missing cached shader map for material FLightmassMaterialRenderer M_Water_Ocean, compiling. 
[2015.12.02-04.26.07:484][571]LogMaterial: Missing cached shader map for material FLightmassMaterialRenderer M_Water_Ocean, compiling. 
[2015.12.02-04.26.07:508][571]LogMaterial: Missing cached shader map for material FLightmassMaterialRenderer WorldGridMaterial, compiling. Is special engine material.
[2015.12.02-04.26.07:528][571]LogMaterial: Missing cached shader map for material FLightmassMaterialRenderer WorldGridMaterial, compiling. Is special engine material.
[2015.12.02-04.26.25:510][188]Job is a success!
[2015.12.02-04.26.26:536][189]LogTexture:Display: Building textures: SkyOcclusion1_1 (AutoDXT)
[2015.12.02-04.26.26:637][189]LogTexture:Display: Building textures: LQ_Lightmap_0_10 (DXT1)
[2015.12.02-04.26.26:641][189]LogTexture:Display: Building textures: HQ_Lightmap0_10 (AutoDXT)
[2015.12.02-04.26.26:641][189]LogTexture:Display: Building textures: SkyOcclusion0_10 (AutoDXT)
[2015.12.02-04.26.26:644][189]LogTexture:Display: Building textures: LQ_Lightmap_0_9 (DXT1)
[2015.12.02-04.26.26:674][189]LogTexture:Display: Building textures: HQ_Lightmap0_9 (AutoDXT)
[2015.12.02-04.26.26:715][189]LogTexture:Display: Building textures: SkyOcclusion0_9 (AutoDXT)
[2015.12.02-04.26.26:734][189]LogTexture:Display: Building textures: LQ_Lightmap_0_8 (DXT1)
[2015.12.02-04.26.26:750][189]LogTexture:Display: Building textures: HQ_Lightmap0_8 (AutoDXT)
[2015.12.02-04.26.26:796][189]LogTexture:Display: Building textures: SkyOcclusion0_8 (AutoDXT)
[2015.12.02-04.26.26:821][189]LogTexture:Display: Building textures: LQ_Lightmap_0_7 (DXT1)
[2015.12.02-04.26.26:839][189]LogTexture:Display: Building textures: HQ_Lightmap0_7 (AutoDXT)
[2015.12.02-04.26.26:867][189]LogTexture:Display: Building textures: SkyOcclusion0_7 (AutoDXT)
[2015.12.02-04.26.26:890][189]LogTexture:Display: Building textures: LQ_Lightmap_1_6 (DXT1)
[2015.12.02-04.26.26:919][189]LogTexture:Display: Building textures: HQ_Lightmap0_6 (AutoDXT)
[2015.12.02-04.26.26:990][189]LogTexture:Display: Building textures: SkyOcclusion1_6 (AutoDXT)
[2015.12.02-04.26.27:027][189]LogTexture:Display: Building textures: LQ_Lightmap_1_5 (DXT1)
[2015.12.02-04.26.27:075][189]LogTexture:Display: Building textures: HQ_Lightmap0_5 (AutoDXT)
[2015.12.02-04.26.27:156][189]LogTexture:Display: Building textures: SkyOcclusion1_5 (AutoDXT)
[2015.12.02-04.26.27:203][189]LogTexture:Display: Building textures: LQ_Lightmap_1_4 (DXT1)
[2015.12.02-04.26.27:237][189]LogTexture:Display: Building textures: HQ_Lightmap0_4 (AutoDXT)
[2015.12.02-04.26.27:302][189]LogTexture:Display: Building textures: SkyOcclusion1_4 (AutoDXT)
[2015.12.02-04.26.27:356][189]LogTexture:Display: Building textures: LQ_Lightmap_1_3 (DXT1)
[2015.12.02-04.26.27:458][189]LogTexture:Display: Building textures: HQ_Lightmap0_3 (AutoDXT)
[2015.12.02-04.26.27:684][189]LogTexture:Display: Building textures: SkyOcclusion1_3 (AutoDXT)
[2015.12.02-04.26.27:769][189]LogTexture:Display: Building textures: LQ_Lightmap_1_2 (DXT1)
[2015.12.02-04.26.27:849][189]LogTexture:Display: Building textures: HQ_Lightmap0_2 (AutoDXT)
[2015.12.02-04.26.28:101][189]LogTexture:Display: Building textures: SkyOcclusion1_2 (AutoDXT)
[2015.12.02-04.26.28:223][189]LogTexture:Display: Building textures: LQ_Lightmap_1_1 (DXT1)
[2015.12.02-04.26.28:278][189]LogTexture:Display: Building textures: HQ_Lightmap0_1 (AutoDXT)
[2015.12.02-04.26.28:621][189]LogTexture:Display: Building textures: ShadowMapTexture2D_0 (G8)
[2015.12.02-04.26.28:725][189]LogTexture:Display: Building textures: ShadowMapTexture2D_1 (G8)
[2015.12.02-04.26.28:831][189]LogTexture:Display: Building textures: ShadowMapTexture2D_2 (G8)
[2015.12.02-04.26.28:869][189]LogTexture:Display: Building textures: ShadowMapTexture2D_3 (G8)
[2015.12.02-04.26.28:893][189]LogTexture:Display: Building textures: ShadowMapTexture2D_4 (G8)
[2015.12.02-04.26.28:918][189]LogTexture:Display: Building textures: ShadowMapTexture2D_5 (G8)
[2015.12.02-04.26.28:963][189]LogTexture:Display: Building textures: ShadowMapTexture2D_6 (G8)
[2015.12.02-04.26.28:990][189]LogTexture:Display: Building textures: ShadowMapTexture2D_7 (G8)
[2015.12.02-04.26.29:015][189]LogTexture:Display: Building textures: ShadowMapTexture2D_8 (G8)
[2015.12.02-04.26.29:019][189]LogTexture:Display: Building textures: ShadowMapTexture2D_9 (G8)
[2015.12.02-04.26.34:588][189]Lightmass on JUSTIN: 17.4 sec total, 135 ms importing, 1 ms setup, 560 ms photons, 16.4 sec processing, 0 ms extra exporting [18/18 mappings]. Threads: 1:05 min total, 37.7 sec processing.
[2015.12.02-04.26.34:609][189]LogStaticLightingSystem: Illumination: 42.1 sec (2.79 sec encoding lightmaps)
[2015.12.02-04.26.34:609][189]LogStaticLightingSystem: Lightmap texture memory:  6.0 MB (6.0 MB streaming, 0.0 MB non-streaming), 20 textures
[2015.12.02-04.26.34:609][189]LogStaticLightingSystem: Shadowmap texture memory: 3.0 MB (3.0 MB streaming, 0.0 MB non-streaming), 10 textures
[2015.12.02-04.26.34:675][190]Cmd: MAP CHECK NOTIFYRESULTS
[2015.12.02-04.26.34:676][190]MapCheck: New page: ThirdPersonExampleMap - Dec 1, 2015, 12:26:34 PM
[2015.12.02-04.26.34:840][190]MapCheck: Info Map check complete: 0 Error(s), 0 Warning(s), took 164.616ms to complete.
[2015.12.02-04.26.36:228][352]LogPlayLevel: PlayLevel: No blueprints needed recompiling
[2015.12.02-04.26.36:228][352]PIE: New page: PIE session: ThirdPersonExampleMap (Dec 1, 2015, 12:26:36 PM)
[2015.12.02-04.26.36:228][352]LogPlayLevel: Creating play world package: /Game/ThirdPersonBP/Maps/UEDPIE_0_ThirdPersonExampleMap
[2015.12.02-04.26.36:294][352]LogPlayLevel: PIE: StaticDuplicateObject took: (0.065296s)
[2015.12.02-04.26.36:294][352]LogAIModule: Creating AISystem for world ThirdPersonExampleMap
[2015.12.02-04.26.36:294][352]LogPlayLevel: PIE: World Init took: (0.000829s)
[2015.12.02-04.26.36:295][352]LogPlayLevel: PIE: Created PIE world by copying editor world from /Game/ThirdPersonBP/Maps/ThirdPersonExampleMap.ThirdPersonExampleMap to /Game/ThirdPersonBP/Maps/UEDPIE_0_ThirdPersonExampleMap.ThirdPersonExampleMap (0.066302s)
[2015.12.02-04.26.36:314][352]LogInit: XAudio2 using 'Speakers (2- Logitech G35 Headset)' : 2 channels at 44.1 kHz using 16 bits per sample (channel mask 0x3)
[2015.12.02-04.26.36:320][352]LogInit: FAudioDevice initialized.
[2015.12.02-04.26.36:354][352]LogWorld: Game class is 'ThirdPersonGameMode_C'
[2015.12.02-04.26.36:364][352]LogWorld: Bringing World /Game/ThirdPersonBP/Maps/UEDPIE_0_ThirdPersonExampleMap.ThirdPersonExampleMap up for play (max tick rate 0) at 2015.12.01-20.26.36
[2015.12.02-04.26.36:364][352]LogActor:Warning: GameSession /Game/ThirdPersonBP/Maps/UEDPIE_0_ThirdPersonExampleMap.ThirdPersonExampleMap:PersistentLevel.GameSession_2 has natively added scene component(s), but none of them were set as the actor's RootComponent - picking one arbitrarily
[2015.12.02-04.26.36:365][352]LogActor:Warning: GameNetworkManager /Game/ThirdPersonBP/Maps/UEDPIE_0_ThirdPersonExampleMap.ThirdPersonExampleMap:PersistentLevel.GameNetworkManager_2 has natively added scene component(s), but none of them were set as the actor's RootComponent - picking one arbitrarily
[2015.12.02-04.26.36:366][352]LogWorld: Bringing up level for play took: 0.010377
[2015.12.02-04.26.36:369][352]PIE: Info Play in editor start time for /Game/ThirdPersonBP/Maps/UEDPIE_0_ThirdPersonExampleMap 0.678
[2015.12.02-04.26.40:346][815]Cmd: LevelEditor.ToggleImmersive
[2015.12.02-04.26.40:456][816]LogRenderer: Reallocating scene render targets to support 988x624 (Frame:61929).
[2015.12.02-04.26.40:533][817]LogRenderer: Reallocating scene render targets to support 1676x1008 (Frame:61931).
[2015.12.02-04.26.40:596][818]LogRenderer: Reallocating scene render targets to support 1680x1012 (Frame:61933).
[2015.12.02-04.27.37:056][869]LogParticles: Destroying 0 GPU particle simulations for FXSystem 0x00000031F0C50180
[2015.12.02-04.27.44:464][552]LogEditorViewport: Clicking on Actor (LMB): SphereReflectionCapture (SphereReflectionCapture)
[2015.12.02-04.27.49:943][199]Cmd: DUPLICATE
[2015.12.02-04.27.49:943][199]Cmd: ACTOR DUPLICATE
[2015.12.02-04.27.56:231][803]LogPlayLevel: PlayLevel: No blueprints needed recompiling
[2015.12.02-04.27.56:231][803]PIE: New page: PIE session: ThirdPersonExampleMap (Dec 1, 2015, 12:27:56 PM)
[2015.12.02-04.27.56:231][803]LogPlayLevel: Creating play world package: /Game/ThirdPersonBP/Maps/UEDPIE_0_ThirdPersonExampleMap
[2015.12.02-04.27.56:262][803]LogPlayLevel: PIE: StaticDuplicateObject took: (0.030757s)
[2015.12.02-04.27.56:263][803]LogAIModule: Creating AISystem for world ThirdPersonExampleMap
[2015.12.02-04.27.56:263][803]LogPlayLevel: PIE: World Init took: (0.000777s)
[2015.12.02-04.27.56:263][803]LogPlayLevel: PIE: Created PIE world by copying editor world from /Game/ThirdPersonBP/Maps/ThirdPersonExampleMap.ThirdPersonExampleMap to /Game/ThirdPersonBP/Maps/UEDPIE_0_ThirdPersonExampleMap.ThirdPersonExampleMap (0.031730s)
[2015.12.02-04.27.56:284][803]LogInit: XAudio2 using 'Speakers (2- Logitech G35 Headset)' : 2 channels at 44.1 kHz using 16 bits per sample (channel mask 0x3)
[2015.12.02-04.27.56:290][803]LogInit: FAudioDevice initialized.
[2015.12.02-04.27.56:322][803]LogWorld: Game class is 'ThirdPersonGameMode_C'
[2015.12.02-04.27.56:332][803]LogWorld: Bringing World /Game/ThirdPersonBP/Maps/UEDPIE_0_ThirdPersonExampleMap.ThirdPersonExampleMap up for play (max tick rate 0) at 2015.12.01-20.27.56
[2015.12.02-04.27.56:332][803]LogActor:Warning: GameSession /Game/ThirdPersonBP/Maps/UEDPIE_0_ThirdPersonExampleMap.ThirdPersonExampleMap:PersistentLevel.GameSession_3 has natively added scene component(s), but none of them were set as the actor's RootComponent - picking one arbitrarily
[2015.12.02-04.27.56:332][803]LogActor:Warning: GameNetworkManager /Game/ThirdPersonBP/Maps/UEDPIE_0_ThirdPersonExampleMap.ThirdPersonExampleMap:PersistentLevel.GameNetworkManager_3 has natively added scene component(s), but none of them were set as the actor's RootComponent - picking one arbitrarily
[2015.12.02-04.27.56:333][803]LogWorld: Bringing up level for play took: 0.010503
[2015.12.02-04.27.56:336][803]PIE: Info Play in editor start time for /Game/ThirdPersonBP/Maps/UEDPIE_0_ThirdPersonExampleMap 0.645
[2015.12.02-04.27.58:127][994]Cmd: LevelEditor.ToggleImmersive
[2015.12.02-04.28.19:578][279]LogParticles: Destroying 0 GPU particle simulations for FXSystem 0x00000031EECCF380
[2015.12.02-04.28.26:479][ 18]MapCheck: New page: Map Check
[2015.12.02-04.28.26:502][ 18]Cmd: MAP REBUILD ALLVISIBLE
[2015.12.02-04.28.26:502][ 18]LogEditorServer: Rebuildmap Clear paths rebuilt
[2015.12.02-04.28.26:548][ 18]LightingResults: New page: Lighting Build - Dec 1, 2015, 12:28:26 PM
[2015.12.02-04.28.31:093][ 18]LogStaticLightingSystem: Running Lightmass w/ ImmediateImport mode ENABLED
[2015.12.02-04.28.31:093][ 18]LogStaticLightingSystem: Running Lightmass w/ ImmediateProcess mode ENABLED
[2015.12.02-04.28.31:093][ 18]LogStaticLightingSystem: Running Lightmass w/ Sorting mode ENABLED
[2015.12.02-04.28.31:093][ 18]LogStaticLightingSystem: Running Lightmass w/ Mapping paddings ENABLED
[2015.12.02-04.28.31:093][ 18]LogStaticLightingSystem: Running Lightmass w/ Mapping debug paddings DISABLED
[2015.12.02-04.28.31:293][ 18]LogEditorBuildUtils: Build time 0:00:04
[2015.12.02-04.28.49:998][102]Job is a success!
[2015.12.02-04.28.50:464][103]LogTexture:Display: Building textures: SkyOcclusion0_1 (AutoDXT)
[2015.12.02-04.28.50:575][103]LogTexture:Display: Building textures: LQ_Lightmap_1_10 (DXT1)
[2015.12.02-04.28.50:578][103]LogTexture:Display: Building textures: HQ_Lightmap1_10 (AutoDXT)
[2015.12.02-04.28.50:578][103]LogTexture:Display: Building textures: SkyOcclusion1_10 (AutoDXT)
[2015.12.02-04.28.50:581][103]LogTexture:Display: Building textures: LQ_Lightmap_1_9 (DXT1)
[2015.12.02-04.28.50:596][103]LogTexture:Display: Building textures: HQ_Lightmap1_9 (AutoDXT)
[2015.12.02-04.28.50:639][103]LogTexture:Display: Building textures: SkyOcclusion1_9 (AutoDXT)
[2015.12.02-04.28.50:657][103]LogTexture:Display: Building textures: LQ_Lightmap_1_8 (DXT1)
[2015.12.02-04.28.50:673][103]LogTexture:Display: Building textures: HQ_Lightmap1_8 (AutoDXT)
[2015.12.02-04.28.50:717][103]LogTexture:Display: Building textures: SkyOcclusion1_8 (AutoDXT)
[2015.12.02-04.28.50:737][103]LogTexture:Display: Building textures: LQ_Lightmap_1_7 (DXT1)
[2015.12.02-04.28.50:756][103]LogTexture:Display: Building textures: HQ_Lightmap1_7 (AutoDXT)
[2015.12.02-04.28.50:790][103]LogTexture:Display: Building textures: SkyOcclusion1_7 (AutoDXT)
[2015.12.02-04.28.50:813][103]LogTexture:Display: Building textures: LQ_Lightmap_0_6 (DXT1)
[2015.12.02-04.28.50:841][103]LogTexture:Display: Building textures: HQ_Lightmap1_6 (AutoDXT)
[2015.12.02-04.28.50:903][103]LogTexture:Display: Building textures: SkyOcclusion0_6 (AutoDXT)
[2015.12.02-04.28.50:939][103]LogTexture:Display: Building textures: LQ_Lightmap_0_5 (DXT1)
[2015.12.02-04.28.50:974][103]LogTexture:Display: Building textures: HQ_Lightmap1_5 (AutoDXT)
[2015.12.02-04.28.51:055][103]LogTexture:Display: Building textures: SkyOcclusion0_5 (AutoDXT)
[2015.12.02-04.28.51:104][103]LogTexture:Display: Building textures: LQ_Lightmap_0_4 (DXT1)
[2015.12.02-04.28.51:131][103]LogTexture:Display: Building textures: HQ_Lightmap1_4 (AutoDXT)
[2015.12.02-04.28.51:189][103]LogTexture:Display: Building textures: SkyOcclusion0_4 (AutoDXT)
[2015.12.02-04.28.51:238][103]LogTexture:Display: Building textures: LQ_Lightmap_0_3 (DXT1)
[2015.12.02-04.28.51:340][103]LogTexture:Display: Building textures: HQ_Lightmap1_3 (AutoDXT)
[2015.12.02-04.28.51:563][103]LogTexture:Display: Building textures: SkyOcclusion0_3 (AutoDXT)
[2015.12.02-04.28.51:643][103]LogTexture:Display: Building textures: LQ_Lightmap_0_2 (DXT1)
[2015.12.02-04.28.51:707][103]LogTexture:Display: Building textures: HQ_Lightmap1_2 (AutoDXT)
[2015.12.02-04.28.51:943][103]LogTexture:Display: Building textures: SkyOcclusion0_2 (AutoDXT)
[2015.12.02-04.28.52:061][103]LogTexture:Display: Building textures: LQ_Lightmap_0_1 (DXT1)
[2015.12.02-04.28.52:115][103]LogTexture:Display: Building textures: HQ_Lightmap1_1 (AutoDXT)
[2015.12.02-04.28.52:450][103]LogTexture:Display: Building textures: ShadowMapTexture2D_10 (G8)
[2015.12.02-04.28.52:552][103]LogTexture:Display: Building textures: ShadowMapTexture2D_11 (G8)
[2015.12.02-04.28.52:654][103]LogTexture:Display: Building textures: ShadowMapTexture2D_12 (G8)
[2015.12.02-04.28.52:688][103]LogTexture:Display: Building textures: ShadowMapTexture2D_13 (G8)
[2015.12.02-04.28.52:732][103]LogTexture:Display: Building textures: ShadowMapTexture2D_14 (G8)
[2015.12.02-04.28.52:758][103]LogTexture:Display: Building textures: ShadowMapTexture2D_15 (G8)
[2015.12.02-04.28.52:784][103]LogTexture:Display: Building textures: ShadowMapTexture2D_16 (G8)
[2015.12.02-04.28.52:810][103]LogTexture:Display: Building textures: ShadowMapTexture2D_17 (G8)
[2015.12.02-04.28.52:835][103]LogTexture:Display: Building textures: ShadowMapTexture2D_18 (G8)
[2015.12.02-04.28.52:839][103]LogTexture:Display: Building textures: ShadowMapTexture2D_19 (G8)
[2015.12.02-04.28.52:863][103]LogStaticLightingSystem: Illumination: 26.2 sec (2.68 sec encoding lightmaps)
[2015.12.02-04.28.52:863][103]LogStaticLightingSystem: Lightmap texture memory:  6.0 MB (6.0 MB streaming, 0.0 MB non-streaming), 20 textures
[2015.12.02-04.28.52:863][103]LogStaticLightingSystem: Shadowmap texture memory: 6.0 MB (6.0 MB streaming, 0.0 MB non-streaming), 20 textures
[2015.12.02-04.28.53:112][104]Cmd: MAP CHECK NOTIFYRESULTS
[2015.12.02-04.28.53:112][104]MapCheck: New page: ThirdPersonExampleMap - Dec 1, 2015, 12:28:53 PM
[2015.12.02-04.28.53:304][104]MapCheck: Info Map check complete: 0 Error(s), 0 Warning(s), took 192.665ms to complete.
[2015.12.02-04.28.55:039][308]LogPlayLevel: PlayLevel: No blueprints needed recompiling
[2015.12.02-04.28.55:039][308]PIE: New page: PIE session: ThirdPersonExampleMap (Dec 1, 2015, 12:28:55 PM)
[2015.12.02-04.28.55:039][308]LogPlayLevel: Creating play world package: /Game/ThirdPersonBP/Maps/UEDPIE_0_ThirdPersonExampleMap
[2015.12.02-04.28.55:083][308]LogPlayLevel: PIE: StaticDuplicateObject took: (0.043956s)
[2015.12.02-04.28.55:084][308]LogAIModule: Creating AISystem for world ThirdPersonExampleMap
[2015.12.02-04.28.55:084][308]LogPlayLevel: PIE: World Init took: (0.000822s)
[2015.12.02-04.28.55:084][308]LogPlayLevel: PIE: Created PIE world by copying editor world from /Game/ThirdPersonBP/Maps/ThirdPersonExampleMap.ThirdPersonExampleMap to /Game/ThirdPersonBP/Maps/UEDPIE_0_ThirdPersonExampleMap.ThirdPersonExampleMap (0.044957s)
[2015.12.02-04.28.55:104][308]LogInit: XAudio2 using 'Speakers (2- Logitech G35 Headset)' : 2 channels at 44.1 kHz using 16 bits per sample (channel mask 0x3)
[2015.12.02-04.28.55:109][308]LogInit: FAudioDevice initialized.
[2015.12.02-04.28.55:140][308]LogWorld: Game class is 'ThirdPersonGameMode_C'
[2015.12.02-04.28.55:150][308]LogWorld: Bringing World /Game/ThirdPersonBP/Maps/UEDPIE_0_ThirdPersonExampleMap.ThirdPersonExampleMap up for play (max tick rate 0) at 2015.12.01-20.28.55
[2015.12.02-04.28.55:150][308]LogActor:Warning: GameSession /Game/ThirdPersonBP/Maps/UEDPIE_0_ThirdPersonExampleMap.ThirdPersonExampleMap:PersistentLevel.GameSession_4 has natively added scene component(s), but none of them were set as the actor's RootComponent - picking one arbitrarily
[2015.12.02-04.28.55:150][308]LogActor:Warning: GameNetworkManager /Game/ThirdPersonBP/Maps/UEDPIE_0_ThirdPersonExampleMap.ThirdPersonExampleMap:PersistentLevel.GameNetworkManager_4 has natively added scene component(s), but none of them were set as the actor's RootComponent - picking one arbitrarily
[2015.12.02-04.28.55:151][308]LogWorld: Bringing up level for play took: 0.010354
[2015.12.02-04.28.55:154][308]PIE: Info Play in editor start time for /Game/ThirdPersonBP/Maps/UEDPIE_0_ThirdPersonExampleMap -0.538
[2015.12.02-04.29.03:693][308]Cmd: LevelEditor.ToggleImmersive
[2015.12.02-04.29.25:577][648]LogParticles: Destroying 0 GPU particle simulations for FXSystem 0x00000031EECCC2C0
[2015.12.02-04.29.31:915][327]LogEditorViewport: Clicking on Actor (LMB): BP_Sky_Sphere_C (SkySphereBlueprint)
[2015.12.02-04.29.32:659][414]LogEditorViewport: Clicking on Actor (LMB): LightmassImportanceVolume (LightmassImportanceVolume)
[2015.12.02-04.29.54:826][ 61]LogEditorViewport: Clicking on Actor (LMB): AtmosphericFog (AtmosphericFog)
[2015.12.02-04.29.59:159][563]LogEditorViewport: Clicking on Actor (LMB): SphereReflectionCapture (SphereReflectionCapture)
[2015.12.02-04.30.07:128][491]LogEditorViewport: Clicking on Actor (LMB): DirectionalLight (Light Source)
[2015.12.02-04.30.30:464][275]LogEditorViewport: Clicking on Actor (LMB): SphereReflectionCapture (SphereReflectionCapture)
[2015.12.02-04.30.37:084][ 46]LogEditorViewport: Clicking on Actor (LMB): SphereReflectionCapture (SphereReflectionCapture2)
[2015.12.02-04.30.41:081][515]LogEditorViewport: Clicking on Actor (LMB): StaticMeshActor (Wall9)
[2015.12.02-04.30.45:999][ 81]LogEditorViewport: Clicking on Actor (LMB): StaticMeshActor (Wall6)
[2015.12.02-04.30.59:594][676]MapCheck: New page: Map Check
[2015.12.02-04.30.59:617][676]Cmd: MAP REBUILD ALLVISIBLE
[2015.12.02-04.30.59:617][676]LogEditorServer: Rebuildmap Clear paths rebuilt
[2015.12.02-04.30.59:625][676]LightingResults: New page: Lighting Build - Dec 1, 2015, 12:30:59 PM
[2015.12.02-04.31.04:169][676]LogStaticLightingSystem: Running Lightmass w/ ImmediateImport mode ENABLED
[2015.12.02-04.31.04:170][676]LogStaticLightingSystem: Running Lightmass w/ ImmediateProcess mode ENABLED
[2015.12.02-04.31.04:170][676]LogStaticLightingSystem: Running Lightmass w/ Sorting mode ENABLED
[2015.12.02-04.31.04:170][676]LogStaticLightingSystem: Running Lightmass w/ Mapping paddings ENABLED
[2015.12.02-04.31.04:170][676]LogStaticLightingSystem: Running Lightmass w/ Mapping debug paddings DISABLED
[2015.12.02-04.31.04:387][676]LogEditorBuildUtils: Build time 0:00:04
[2015.12.02-04.31.32:468][893]Job is a success!
[2015.12.02-04.31.32:929][894]LogTexture:Display: Building textures: SkyOcclusion1_1 (AutoDXT)
[2015.12.02-04.31.33:064][894]LogTexture:Display: Building textures: LQ_Lightmap_0_10 (DXT1)
[2015.12.02-04.31.33:067][894]LogTexture:Display: Building textures: HQ_Lightmap0_10 (AutoDXT)
[2015.12.02-04.31.33:067][894]LogTexture:Display: Building textures: SkyOcclusion0_10 (AutoDXT)
[2015.12.02-04.31.33:070][894]LogTexture:Display: Building textures: LQ_Lightmap_0_9 (DXT1)
[2015.12.02-04.31.33:083][894]LogTexture:Display: Building textures: HQ_Lightmap0_9 (AutoDXT)
[2015.12.02-04.31.33:119][894]LogTexture:Display: Building textures: SkyOcclusion0_9 (AutoDXT)
[2015.12.02-04.31.33:137][894]LogTexture:Display: Building textures: LQ_Lightmap_0_8 (DXT1)
[2015.12.02-04.31.33:153][894]LogTexture:Display: Building textures: HQ_Lightmap0_8 (AutoDXT)
[2015.12.02-04.31.33:192][894]LogTexture:Display: Building textures: SkyOcclusion0_8 (AutoDXT)
[2015.12.02-04.31.33:215][894]LogTexture:Display: Building textures: LQ_Lightmap_0_7 (DXT1)
[2015.12.02-04.31.33:230][894]LogTexture:Display: Building textures: HQ_Lightmap0_7 (AutoDXT)
[2015.12.02-04.31.33:261][894]LogTexture:Display: Building textures: SkyOcclusion0_7 (AutoDXT)
[2015.12.02-04.31.33:279][894]LogTexture:Display: Building textures: LQ_Lightmap_1_6 (DXT1)
[2015.12.02-04.31.33:310][894]LogTexture:Display: Building textures: HQ_Lightmap0_6 (AutoDXT)
[2015.12.02-04.31.33:376][894]LogTexture:Display: Building textures: SkyOcclusion1_6 (AutoDXT)
[2015.12.02-04.31.33:409][894]LogTexture:Display: Building textures: LQ_Lightmap_1_5 (DXT1)
[2015.12.02-04.31.33:440][894]LogTexture:Display: Building textures: HQ_Lightmap0_5 (AutoDXT)
[2015.12.02-04.31.33:518][894]LogTexture:Display: Building textures: SkyOcclusion1_5 (AutoDXT)
[2015.12.02-04.31.33:568][894]LogTexture:Display: Building textures: LQ_Lightmap_1_4 (DXT1)
[2015.12.02-04.31.33:596][894]LogTexture:Display: Building textures: HQ_Lightmap0_4 (AutoDXT)
[2015.12.02-04.31.33:716][894]LogTexture:Display: Building textures: SkyOcclusion1_4 (AutoDXT)
[2015.12.02-04.31.33:759][894]LogTexture:Display: Building textures: LQ_Lightmap_1_3 (DXT1)
[2015.12.02-04.31.33:848][894]LogTexture:Display: Building textures: HQ_Lightmap0_3 (AutoDXT)
[2015.12.02-04.31.33:992][894]LogTexture:Display: Building textures: SkyOcclusion1_3 (AutoDXT)
[2015.12.02-04.31.34:049][894]LogTexture:Display: Building textures: LQ_Lightmap_1_2 (DXT1)
[2015.12.02-04.31.34:147][894]LogTexture:Display: Building textures: HQ_Lightmap0_2 (AutoDXT)
[2015.12.02-04.31.34:401][894]LogTexture:Display: Building textures: SkyOcclusion1_2 (AutoDXT)
[2015.12.02-04.31.34:517][894]LogTexture:Display: Building textures: LQ_Lightmap_1_1 (DXT1)
[2015.12.02-04.31.34:585][894]LogTexture:Display: Building textures: HQ_Lightmap0_1 (AutoDXT)
[2015.12.02-04.31.34:925][894]LogTexture:Display: Building textures: ShadowMapTexture2D_20 (G8)
[2015.12.02-04.31.35:029][894]LogTexture:Display: Building textures: ShadowMapTexture2D_21 (G8)
[2015.12.02-04.31.35:133][894]LogTexture:Display: Building textures: ShadowMapTexture2D_22 (G8)
[2015.12.02-04.31.35:170][894]LogTexture:Display: Building textures: ShadowMapTexture2D_23 (G8)
[2015.12.02-04.31.35:195][894]LogTexture:Display: Building textures: ShadowMapTexture2D_24 (G8)
[2015.12.02-04.31.35:221][894]LogTexture:Display: Building textures: ShadowMapTexture2D_25 (G8)
[2015.12.02-04.31.35:249][894]LogTexture:Display: Building textures: ShadowMapTexture2D_26 (G8)
[2015.12.02-04.31.35:276][894]LogTexture:Display: Building textures: ShadowMapTexture2D_27 (G8)
[2015.12.02-04.31.35:335][894]LogTexture:Display: Building textures: ShadowMapTexture2D_28 (G8)
[2015.12.02-04.31.35:339][894]LogTexture:Display: Building textures: ShadowMapTexture2D_29 (G8)
[2015.12.02-04.31.35:364][894]Lightmass on JUSTIN: 30.1 sec total, 285 ms importing, 2 ms setup, 1.19 sec photons, 28.5 sec processing, 0 ms extra exporting [18/18 mappings]. Threads: 1:54 min total, 1:16 min processing.
[2015.12.02-04.31.35:369][894]LogStaticLightingSystem: Illumination: 35.7 sec (2.71 sec encoding lightmaps)
[2015.12.02-04.31.35:369][894]LogStaticLightingSystem: Lightmap texture memory:  6.0 MB (6.0 MB streaming, 0.0 MB non-streaming), 20 textures
[2015.12.02-04.31.35:369][894]LogStaticLightingSystem: Shadowmap texture memory: 9.0 MB (9.0 MB streaming, 0.0 MB non-streaming), 30 textures
[2015.12.02-04.31.36:188][895]Cmd: MAP CHECK NOTIFYRESULTS
[2015.12.02-04.31.36:188][895]MapCheck: New page: ThirdPersonExampleMap - Dec 1, 2015, 12:31:36 PM
[2015.12.02-04.31.36:344][895]MapCheck: Info Map check complete: 0 Error(s), 0 Warning(s), took 156.485ms to complete.
[2015.12.02-04.31.40:575][396]LogPlayLevel: PlayLevel: No blueprints needed recompiling
[2015.12.02-04.31.40:575][396]PIE: New page: PIE session: ThirdPersonExampleMap (Dec 1, 2015, 12:31:40 PM)
[2015.12.02-04.31.40:575][396]LogPlayLevel: Creating play world package: /Game/ThirdPersonBP/Maps/UEDPIE_0_ThirdPersonExampleMap
[2015.12.02-04.31.40:615][396]LogPlayLevel: PIE: StaticDuplicateObject took: (0.039654s)
[2015.12.02-04.31.40:615][396]LogAIModule: Creating AISystem for world ThirdPersonExampleMap
[2015.12.02-04.31.40:616][396]LogPlayLevel: PIE: World Init took: (0.000889s)
[2015.12.02-04.31.40:616][396]LogPlayLevel: PIE: Created PIE world by copying editor world from /Game/ThirdPersonBP/Maps/ThirdPersonExampleMap.ThirdPersonExampleMap to /Game/ThirdPersonBP/Maps/UEDPIE_0_ThirdPersonExampleMap.ThirdPersonExampleMap (0.040762s)
[2015.12.02-04.31.40:640][396]LogInit: XAudio2 using 'Speakers (2- Logitech G35 Headset)' : 2 channels at 44.1 kHz using 16 bits per sample (channel mask 0x3)
[2015.12.02-04.31.40:645][396]LogInit: FAudioDevice initialized.
[2015.12.02-04.31.40:678][396]LogWorld: Game class is 'ThirdPersonGameMode_C'
[2015.12.02-04.31.40:688][396]LogWorld: Bringing World /Game/ThirdPersonBP/Maps/UEDPIE_0_ThirdPersonExampleMap.ThirdPersonExampleMap up for play (max tick rate 0) at 2015.12.01-20.31.40
[2015.12.02-04.31.40:688][396]LogActor:Warning: GameSession /Game/ThirdPersonBP/Maps/UEDPIE_0_ThirdPersonExampleMap.ThirdPersonExampleMap:PersistentLevel.GameSession_5 has natively added scene component(s), but none of them were set as the actor's RootComponent - picking one arbitrarily
[2015.12.02-04.31.40:688][396]LogActor:Warning: GameNetworkManager /Game/ThirdPersonBP/Maps/UEDPIE_0_ThirdPersonExampleMap.ThirdPersonExampleMap:PersistentLevel.GameNetworkManager_5 has natively added scene component(s), but none of them were set as the actor's RootComponent - picking one arbitrarily
[2015.12.02-04.31.40:689][396]LogWorld: Bringing up level for play took: 0.010151
[2015.12.02-04.31.40:692][396]PIE: Info Play in editor start time for /Game/ThirdPersonBP/Maps/UEDPIE_0_ThirdPersonExampleMap 1.001
[2015.12.02-04.31.42:579][598]Cmd: LevelEditor.ToggleImmersive
[2015.12.02-04.32.33:827][125]LogParticles: Destroying 0 GPU particle simulations for FXSystem 0x00000031F1ECCFE0
[2015.12.02-04.32.38:077][524]LogEditorViewport: Clicking on Actor (LMB): SphereReflectionCapture (SphereReflectionCapture2)
[2015.12.02-04.32.48:684][763]LogEditorViewport: Clicking on Actor (LMB): StaticMeshActor (Wall8)
[2015.12.02-04.32.51:212][ 53]LogEditorViewport: Clicking on Actor (LMB): DirectionalLight (Light Source)
[2015.12.02-04.32.56:047][602]MapCheck: New page: Map Check
[2015.12.02-04.32.56:059][602]Cmd: MAP REBUILD ALLVISIBLE
[2015.12.02-04.32.56:059][602]LogEditorServer: Rebuildmap Clear paths rebuilt
[2015.12.02-04.32.56:076][602]MapCheck:Warning: Warning WorldInfo_0 Hierarchical LOD System is disabled or no HLOD level settings available, unable to build LOD actors. 
[2015.12.02-04.32.56:076][602]LogStats:          STAT_HLOD_BuildClusters - 10.204 ms
[2015.12.02-04.32.56:076][602]LightingResults: New page: Lighting Build - Dec 1, 2015, 12:32:56 PM
[2015.12.02-04.33.01:029][602]LogStaticLightingSystem: Running Lightmass w/ ImmediateImport mode ENABLED
[2015.12.02-04.33.01:029][602]LogStaticLightingSystem: Running Lightmass w/ ImmediateProcess mode ENABLED
[2015.12.02-04.33.01:029][602]LogStaticLightingSystem: Running Lightmass w/ Sorting mode ENABLED
[2015.12.02-04.33.01:029][602]LogStaticLightingSystem: Running Lightmass w/ Mapping paddings ENABLED
[2015.12.02-04.33.01:029][602]LogStaticLightingSystem: Running Lightmass w/ Mapping debug paddings DISABLED
[2015.12.02-04.33.01:243][602]LogEditorBuildUtils: Build time 0:00:05
[2015.12.02-04.33.27:656][434]Job is a success!
[2015.12.02-04.33.28:820][435]LogTexture:Display: Building textures: SkyOcclusion0_1 (AutoDXT)
[2015.12.02-04.33.28:951][435]LogTexture:Display: Building textures: LQ_Lightmap_1_10 (DXT1)
[2015.12.02-04.33.28:954][435]LogTexture:Display: Building textures: HQ_Lightmap1_10 (AutoDXT)
[2015.12.02-04.33.28:959][435]LogTexture:Display: Building textures: SkyOcclusion1_10 (AutoDXT)
[2015.12.02-04.33.28:961][435]LogTexture:Display: Building textures: LQ_Lightmap_1_9 (DXT1)
[2015.12.02-04.33.28:978][435]LogTexture:Display: Building textures: HQ_Lightmap1_9 (AutoDXT)
[2015.12.02-04.33.29:024][435]LogTexture:Display: Building textures: SkyOcclusion1_9 (AutoDXT)
[2015.12.02-04.33.29:043][435]LogTexture:Display: Building textures: LQ_Lightmap_1_8 (DXT1)
[2015.12.02-04.33.29:058][435]LogTexture:Display: Building textures: HQ_Lightmap1_8 (AutoDXT)
[2015.12.02-04.33.29:099][435]LogTexture:Display: Building textures: SkyOcclusion1_8 (AutoDXT)
[2015.12.02-04.33.29:117][435]LogTexture:Display: Building textures: LQ_Lightmap_1_7 (DXT1)
[2015.12.02-04.33.29:133][435]LogTexture:Display: Building textures: HQ_Lightmap1_7 (AutoDXT)
[2015.12.02-04.33.29:183][435]LogTexture:Display: Building textures: SkyOcclusion1_7 (AutoDXT)
[2015.12.02-04.33.29:202][435]LogTexture:Display: Building textures: LQ_Lightmap_0_6 (DXT1)
[2015.12.02-04.33.29:239][435]LogTexture:Display: Building textures: HQ_Lightmap1_6 (AutoDXT)
[2015.12.02-04.33.29:316][435]LogTexture:Display: Building textures: SkyOcclusion0_6 (AutoDXT)
[2015.12.02-04.33.29:363][435]LogTexture:Display: Building textures: LQ_Lightmap_0_5 (DXT1)
[2015.12.02-04.33.29:401][435]LogTexture:Display: Building textures: HQ_Lightmap1_5 (AutoDXT)
[2015.12.02-04.33.29:479][435]LogTexture:Display: Building textures: SkyOcclusion0_5 (AutoDXT)
[2015.12.02-04.33.29:540][435]LogTexture:Display: Building textures: LQ_Lightmap_0_4 (DXT1)
[2015.12.02-04.33.29:572][435]LogTexture:Display: Building textures: HQ_Lightmap1_4 (AutoDXT)
[2015.12.02-04.33.29:636][435]LogTexture:Display: Building textures: SkyOcclusion0_4 (AutoDXT)
[2015.12.02-04.33.29:676][435]LogTexture:Display: Building textures: LQ_Lightmap_0_3 (DXT1)
[2015.12.02-04.33.29:761][435]LogTexture:Display: Building textures: HQ_Lightmap1_3 (AutoDXT)
[2015.12.02-04.33.29:916][435]LogTexture:Display: Building textures: SkyOcclusion0_3 (AutoDXT)
[2015.12.02-04.33.29:982][435]LogTexture:Display: Building textures: LQ_Lightmap_0_2 (DXT1)
[2015.12.02-04.33.30:078][435]LogTexture:Display: Building textures: HQ_Lightmap1_2 (AutoDXT)
[2015.12.02-04.33.30:343][435]LogTexture:Display: Building textures: SkyOcclusion0_2 (AutoDXT)
[2015.12.02-04.33.30:482][435]LogTexture:Display: Building textures: LQ_Lightmap_0_1 (DXT1)
[2015.12.02-04.33.30:552][435]LogTexture:Display: Building textures: HQ_Lightmap1_1 (AutoDXT)
[2015.12.02-04.33.31:002][435]LogTexture:Display: Building textures: ShadowMapTexture2D_30 (G8)
[2015.12.02-04.33.31:110][435]LogTexture:Display: Building textures: ShadowMapTexture2D_31 (G8)
[2015.12.02-04.33.31:219][435]LogTexture:Display: Building textures: ShadowMapTexture2D_32 (G8)
[2015.12.02-04.33.31:259][435]LogTexture:Display: Building textures: ShadowMapTexture2D_33 (G8)
[2015.12.02-04.33.31:285][435]LogTexture:Display: Building textures: ShadowMapTexture2D_34 (G8)
[2015.12.02-04.33.31:310][435]LogTexture:Display: Building textures: ShadowMapTexture2D_35 (G8)
[2015.12.02-04.33.31:336][435]LogTexture:Display: Building textures: ShadowMapTexture2D_36 (G8)
[2015.12.02-04.33.31:406][435]LogTexture:Display: Building textures: ShadowMapTexture2D_37 (G8)
[2015.12.02-04.33.31:436][435]LogTexture:Display: Building textures: ShadowMapTexture2D_38 (G8)
[2015.12.02-04.33.31:440][435]LogTexture:Display: Building textures: ShadowMapTexture2D_39 (G8)
[2015.12.02-04.33.31:465][435]LogStaticLightingSystem: Illumination: 35.0 sec (2.93 sec encoding lightmaps)
[2015.12.02-04.33.31:465][435]LogStaticLightingSystem: Lightmap texture memory:  6.0 MB (6.0 MB streaming, 0.0 MB non-streaming), 20 textures
[2015.12.02-04.33.31:465][435]L